{"/home/greggory-h/Documents/ProgramZone/Web_Dev-Web_Apps/projects/linklibrarian/backend/app.js": {"path":"/home/greggory-h/Documents/ProgramZone/Web_Dev-Web_Apps/projects/linklibrarian/backend/app.js","statementMap":{"0":{"start":{"line":3,"column":16},"end":{"line":3,"column":34}},"1":{"start":{"line":4,"column":13},"end":{"line":4,"column":28}},"2":{"start":{"line":5,"column":16},"end":{"line":5,"column":42}},"3":{"start":{"line":6,"column":26},"end":{"line":6,"column":58}},"4":{"start":{"line":7,"column":13},"end":{"line":7,"column":28}},"5":{"start":{"line":8,"column":15},"end":{"line":8,"column":32}},"6":{"start":{"line":9,"column":15},"end":{"line":9,"column":32}},"7":{"start":{"line":10,"column":15},"end":{"line":10,"column":32}},"8":{"start":{"line":11,"column":13},"end":{"line":11,"column":28}},"9":{"start":{"line":13,"column":0},"end":{"line":13,"column":16}},"10":{"start":{"line":15,"column":12},"end":{"line":15,"column":21}},"11":{"start":{"line":19,"column":2},"end":{"line":23,"column":3}},"12":{"start":{"line":20,"column":4},"end":{"line":22,"column":7}},"13":{"start":{"line":25,"column":2},"end":{"line":25,"column":9}},"14":{"start":{"line":28,"column":20},"end":{"line":38,"column":1}},"15":{"start":{"line":40,"column":0},"end":{"line":44,"column":1}},"16":{"start":{"line":41,"column":21},"end":{"line":41,"column":47}},"17":{"start":{"line":42,"column":23},"end":{"line":42,"column":47}},"18":{"start":{"line":43,"column":2},"end":{"line":43,"column":37}},"19":{"start":{"line":46,"column":0},"end":{"line":46,"column":32}},"20":{"start":{"line":48,"column":23},"end":{"line":51,"column":1}},"21":{"start":{"line":53,"column":0},"end":{"line":62,"column":4}},"22":{"start":{"line":55,"column":4},"end":{"line":59,"column":5}},"23":{"start":{"line":56,"column":6},"end":{"line":56,"column":27}},"24":{"start":{"line":58,"column":6},"end":{"line":58,"column":49}},"25":{"start":{"line":64,"column":0},"end":{"line":64,"column":24}},"26":{"start":{"line":65,"column":0},"end":{"line":65,"column":69}},"27":{"start":{"line":68,"column":16},"end":{"line":79,"column":2}},"28":{"start":{"line":71,"column":4},"end":{"line":71,"column":46}},"29":{"start":{"line":75,"column":25},"end":{"line":75,"column":75}},"30":{"start":{"line":76,"column":16},"end":{"line":76,"column":61}},"31":{"start":{"line":77,"column":4},"end":{"line":77,"column":56}},"32":{"start":{"line":82,"column":24},"end":{"line":90,"column":1}},"33":{"start":{"line":83,"column":23},"end":{"line":83,"column":76}},"34":{"start":{"line":85,"column":2},"end":{"line":89,"column":3}},"35":{"start":{"line":86,"column":4},"end":{"line":86,"column":19}},"36":{"start":{"line":88,"column":4},"end":{"line":88,"column":69}},"37":{"start":{"line":93,"column":15},"end":{"line":99,"column":2}},"38":{"start":{"line":105,"column":0},"end":{"line":107,"column":3}},"39":{"start":{"line":106,"column":2},"end":{"line":106,"column":29}},"40":{"start":{"line":110,"column":0},"end":{"line":112,"column":3}},"41":{"start":{"line":111,"column":2},"end":{"line":111,"column":48}},"42":{"start":{"line":115,"column":0},"end":{"line":129,"column":3}},"43":{"start":{"line":116,"column":2},"end":{"line":128,"column":3}},"44":{"start":{"line":117,"column":19},"end":{"line":117,"column":73}},"45":{"start":{"line":118,"column":4},"end":{"line":121,"column":7}},"46":{"start":{"line":123,"column":4},"end":{"line":123,"column":50}},"47":{"start":{"line":124,"column":4},"end":{"line":127,"column":7}},"48":{"start":{"line":132,"column":0},"end":{"line":152,"column":3}},"49":{"start":{"line":133,"column":2},"end":{"line":151,"column":3}},"50":{"start":{"line":134,"column":19},"end":{"line":142,"column":5}},"51":{"start":{"line":144,"column":4},"end":{"line":144,"column":19}},"52":{"start":{"line":146,"column":4},"end":{"line":146,"column":51}},"53":{"start":{"line":147,"column":4},"end":{"line":150,"column":7}},"54":{"start":{"line":155,"column":0},"end":{"line":190,"column":3}},"55":{"start":{"line":156,"column":2},"end":{"line":189,"column":3}},"56":{"start":{"line":157,"column":40},"end":{"line":157,"column":48}},"57":{"start":{"line":159,"column":4},"end":{"line":163,"column":5}},"58":{"start":{"line":160,"column":6},"end":{"line":162,"column":9}},"59":{"start":{"line":165,"column":21},"end":{"line":171,"column":5}},"60":{"start":{"line":173,"column":19},"end":{"line":180,"column":5}},"61":{"start":{"line":182,"column":4},"end":{"line":182,"column":34}},"62":{"start":{"line":184,"column":4},"end":{"line":184,"column":51}},"63":{"start":{"line":185,"column":4},"end":{"line":188,"column":7}},"64":{"start":{"line":193,"column":0},"end":{"line":231,"column":3}},"65":{"start":{"line":194,"column":2},"end":{"line":230,"column":3}},"66":{"start":{"line":195,"column":19},"end":{"line":195,"column":40}},"67":{"start":{"line":197,"column":4},"end":{"line":201,"column":5}},"68":{"start":{"line":198,"column":6},"end":{"line":200,"column":9}},"69":{"start":{"line":203,"column":22},"end":{"line":203,"column":53}},"70":{"start":{"line":205,"column":21},"end":{"line":212,"column":5}},"71":{"start":{"line":214,"column":4},"end":{"line":218,"column":5}},"72":{"start":{"line":215,"column":6},"end":{"line":217,"column":9}},"73":{"start":{"line":220,"column":4},"end":{"line":223,"column":7}},"74":{"start":{"line":225,"column":4},"end":{"line":225,"column":49}},"75":{"start":{"line":226,"column":4},"end":{"line":229,"column":7}},"76":{"start":{"line":234,"column":0},"end":{"line":277,"column":3}},"77":{"start":{"line":235,"column":2},"end":{"line":276,"column":3}},"78":{"start":{"line":236,"column":19},"end":{"line":236,"column":40}},"79":{"start":{"line":237,"column":40},"end":{"line":237,"column":48}},"80":{"start":{"line":239,"column":4},"end":{"line":243,"column":5}},"81":{"start":{"line":240,"column":6},"end":{"line":242,"column":9}},"82":{"start":{"line":245,"column":21},"end":{"line":252,"column":5}},"83":{"start":{"line":254,"column":4},"end":{"line":258,"column":5}},"84":{"start":{"line":255,"column":6},"end":{"line":257,"column":9}},"85":{"start":{"line":260,"column":19},"end":{"line":267,"column":5}},"86":{"start":{"line":269,"column":4},"end":{"line":269,"column":22}},"87":{"start":{"line":271,"column":4},"end":{"line":271,"column":51}},"88":{"start":{"line":272,"column":4},"end":{"line":275,"column":7}},"89":{"start":{"line":280,"column":0},"end":{"line":308,"column":3}},"90":{"start":{"line":281,"column":2},"end":{"line":307,"column":3}},"91":{"start":{"line":282,"column":19},"end":{"line":282,"column":40}},"92":{"start":{"line":284,"column":21},"end":{"line":290,"column":5}},"93":{"start":{"line":292,"column":4},"end":{"line":296,"column":5}},"94":{"start":{"line":293,"column":6},"end":{"line":295,"column":9}},"95":{"start":{"line":298,"column":4},"end":{"line":300,"column":7}},"96":{"start":{"line":302,"column":4},"end":{"line":302,"column":51}},"97":{"start":{"line":303,"column":4},"end":{"line":306,"column":7}},"98":{"start":{"line":311,"column":0},"end":{"line":365,"column":3}},"99":{"start":{"line":312,"column":2},"end":{"line":364,"column":3}},"100":{"start":{"line":313,"column":32},"end":{"line":313,"column":40}},"101":{"start":{"line":315,"column":4},"end":{"line":319,"column":5}},"102":{"start":{"line":316,"column":6},"end":{"line":318,"column":9}},"103":{"start":{"line":321,"column":28},"end":{"line":324,"column":5}},"104":{"start":{"line":327,"column":4},"end":{"line":331,"column":5}},"105":{"start":{"line":328,"column":6},"end":{"line":330,"column":9}},"106":{"start":{"line":333,"column":25},"end":{"line":333,"column":56}},"107":{"start":{"line":335,"column":21},"end":{"line":338,"column":5}},"108":{"start":{"line":340,"column":4},"end":{"line":343,"column":6}},"109":{"start":{"line":345,"column":4},"end":{"line":357,"column":7}},"110":{"start":{"line":346,"column":6},"end":{"line":351,"column":7}},"111":{"start":{"line":347,"column":8},"end":{"line":347,"column":66}},"112":{"start":{"line":348,"column":8},"end":{"line":350,"column":11}},"113":{"start":{"line":353,"column":6},"end":{"line":356,"column":9}},"114":{"start":{"line":359,"column":4},"end":{"line":359,"column":45}},"115":{"start":{"line":360,"column":4},"end":{"line":363,"column":7}},"116":{"start":{"line":368,"column":0},"end":{"line":423,"column":3}},"117":{"start":{"line":369,"column":2},"end":{"line":422,"column":3}},"118":{"start":{"line":370,"column":32},"end":{"line":370,"column":40}},"119":{"start":{"line":372,"column":4},"end":{"line":376,"column":5}},"120":{"start":{"line":373,"column":6},"end":{"line":375,"column":9}},"121":{"start":{"line":378,"column":19},"end":{"line":381,"column":5}},"122":{"start":{"line":383,"column":4},"end":{"line":387,"column":5}},"123":{"start":{"line":384,"column":6},"end":{"line":386,"column":9}},"124":{"start":{"line":389,"column":17},"end":{"line":389,"column":24}},"125":{"start":{"line":390,"column":28},"end":{"line":390,"column":78}},"126":{"start":{"line":392,"column":4},"end":{"line":396,"column":5}},"127":{"start":{"line":393,"column":6},"end":{"line":395,"column":9}},"128":{"start":{"line":398,"column":4},"end":{"line":401,"column":6}},"129":{"start":{"line":403,"column":4},"end":{"line":415,"column":7}},"130":{"start":{"line":404,"column":6},"end":{"line":409,"column":7}},"131":{"start":{"line":405,"column":8},"end":{"line":405,"column":63}},"132":{"start":{"line":406,"column":8},"end":{"line":408,"column":11}},"133":{"start":{"line":411,"column":6},"end":{"line":414,"column":9}},"134":{"start":{"line":417,"column":4},"end":{"line":417,"column":42}},"135":{"start":{"line":418,"column":4},"end":{"line":421,"column":7}},"136":{"start":{"line":426,"column":0},"end":{"line":440,"column":3}},"137":{"start":{"line":427,"column":2},"end":{"line":439,"column":5}},"138":{"start":{"line":428,"column":4},"end":{"line":433,"column":5}},"139":{"start":{"line":429,"column":6},"end":{"line":429,"column":43}},"140":{"start":{"line":430,"column":6},"end":{"line":432,"column":9}},"141":{"start":{"line":435,"column":4},"end":{"line":435,"column":41}},"142":{"start":{"line":436,"column":4},"end":{"line":438,"column":7}},"143":{"start":{"line":443,"column":0},"end":{"line":454,"column":3}},"144":{"start":{"line":444,"column":2},"end":{"line":448,"column":3}},"145":{"start":{"line":445,"column":4},"end":{"line":447,"column":7}},"146":{"start":{"line":450,"column":2},"end":{"line":453,"column":5}},"147":{"start":{"line":456,"column":0},"end":{"line":460,"column":2}}},"fnMap":{"0":{"name":"requireLogin","decl":{"start":{"line":18,"column":9},"end":{"line":18,"column":21}},"loc":{"start":{"line":18,"column":38},"end":{"line":26,"column":1}},"line":18},"1":{"name":"(anonymous_1)","decl":{"start":{"line":54,"column":10},"end":{"line":54,"column":11}},"loc":{"start":{"line":54,"column":38},"end":{"line":60,"column":3}},"line":54},"2":{"name":"(anonymous_2)","decl":{"start":{"line":70,"column":15},"end":{"line":70,"column":16}},"loc":{"start":{"line":70,"column":40},"end":{"line":72,"column":3}},"line":70},"3":{"name":"(anonymous_3)","decl":{"start":{"line":74,"column":12},"end":{"line":74,"column":13}},"loc":{"start":{"line":74,"column":37},"end":{"line":78,"column":3}},"line":74},"4":{"name":"(anonymous_4)","decl":{"start":{"line":82,"column":24},"end":{"line":82,"column":25}},"loc":{"start":{"line":82,"column":43},"end":{"line":90,"column":1}},"line":82},"5":{"name":"(anonymous_5)","decl":{"start":{"line":105,"column":19},"end":{"line":105,"column":20}},"loc":{"start":{"line":105,"column":33},"end":{"line":107,"column":1}},"line":105},"6":{"name":"(anonymous_6)","decl":{"start":{"line":110,"column":13},"end":{"line":110,"column":14}},"loc":{"start":{"line":110,"column":27},"end":{"line":112,"column":1}},"line":110},"7":{"name":"(anonymous_7)","decl":{"start":{"line":115,"column":24},"end":{"line":115,"column":25}},"loc":{"start":{"line":115,"column":44},"end":{"line":129,"column":1}},"line":115},"8":{"name":"(anonymous_8)","decl":{"start":{"line":132,"column":36},"end":{"line":132,"column":37}},"loc":{"start":{"line":132,"column":56},"end":{"line":152,"column":1}},"line":132},"9":{"name":"(anonymous_9)","decl":{"start":{"line":155,"column":37},"end":{"line":155,"column":38}},"loc":{"start":{"line":155,"column":57},"end":{"line":190,"column":1}},"line":155},"10":{"name":"(anonymous_10)","decl":{"start":{"line":193,"column":71},"end":{"line":193,"column":72}},"loc":{"start":{"line":193,"column":91},"end":{"line":231,"column":1}},"line":193},"11":{"name":"(anonymous_11)","decl":{"start":{"line":234,"column":40},"end":{"line":234,"column":41}},"loc":{"start":{"line":234,"column":60},"end":{"line":277,"column":1}},"line":234},"12":{"name":"(anonymous_12)","decl":{"start":{"line":280,"column":43},"end":{"line":280,"column":44}},"loc":{"start":{"line":280,"column":63},"end":{"line":308,"column":1}},"line":280},"13":{"name":"(anonymous_13)","decl":{"start":{"line":311,"column":26},"end":{"line":311,"column":27}},"loc":{"start":{"line":311,"column":46},"end":{"line":365,"column":1}},"line":311},"14":{"name":"(anonymous_14)","decl":{"start":{"line":345,"column":21},"end":{"line":345,"column":22}},"loc":{"start":{"line":345,"column":30},"end":{"line":357,"column":5}},"line":345},"15":{"name":"(anonymous_15)","decl":{"start":{"line":368,"column":23},"end":{"line":368,"column":24}},"loc":{"start":{"line":368,"column":43},"end":{"line":423,"column":1}},"line":368},"16":{"name":"(anonymous_16)","decl":{"start":{"line":403,"column":21},"end":{"line":403,"column":22}},"loc":{"start":{"line":403,"column":30},"end":{"line":415,"column":5}},"line":403},"17":{"name":"(anonymous_17)","decl":{"start":{"line":426,"column":24},"end":{"line":426,"column":25}},"loc":{"start":{"line":426,"column":38},"end":{"line":440,"column":1}},"line":426},"18":{"name":"(anonymous_18)","decl":{"start":{"line":427,"column":22},"end":{"line":427,"column":23}},"loc":{"start":{"line":427,"column":31},"end":{"line":439,"column":3}},"line":427},"19":{"name":"(anonymous_19)","decl":{"start":{"line":443,"column":24},"end":{"line":443,"column":25}},"loc":{"start":{"line":443,"column":38},"end":{"line":454,"column":1}},"line":443}},"branchMap":{"0":{"loc":{"start":{"line":19,"column":2},"end":{"line":23,"column":3}},"type":"if","locations":[{"start":{"line":19,"column":2},"end":{"line":23,"column":3}},{"start":{},"end":{}}],"line":19},"1":{"loc":{"start":{"line":30,"column":10},"end":{"line":30,"column":53}},"type":"binary-expr","locations":[{"start":{"line":30,"column":10},"end":{"line":30,"column":36}},{"start":{"line":30,"column":40},"end":{"line":30,"column":53}}],"line":30},"2":{"loc":{"start":{"line":40,"column":0},"end":{"line":44,"column":1}},"type":"if","locations":[{"start":{"line":40,"column":0},"end":{"line":44,"column":1}},{"start":{},"end":{}}],"line":40},"3":{"loc":{"start":{"line":55,"column":4},"end":{"line":59,"column":5}},"type":"if","locations":[{"start":{"line":55,"column":4},"end":{"line":59,"column":5}},{"start":{"line":57,"column":11},"end":{"line":59,"column":5}}],"line":55},"4":{"loc":{"start":{"line":55,"column":8},"end":{"line":55,"column":50}},"type":"binary-expr","locations":[{"start":{"line":55,"column":8},"end":{"line":55,"column":15}},{"start":{"line":55,"column":19},"end":{"line":55,"column":50}}],"line":55},"5":{"loc":{"start":{"line":85,"column":2},"end":{"line":89,"column":3}},"type":"if","locations":[{"start":{"line":85,"column":2},"end":{"line":89,"column":3}},{"start":{"line":87,"column":9},"end":{"line":89,"column":3}}],"line":85},"6":{"loc":{"start":{"line":159,"column":4},"end":{"line":163,"column":5}},"type":"if","locations":[{"start":{"line":159,"column":4},"end":{"line":163,"column":5}},{"start":{},"end":{}}],"line":159},"7":{"loc":{"start":{"line":159,"column":8},"end":{"line":159,"column":22}},"type":"binary-expr","locations":[{"start":{"line":159,"column":8},"end":{"line":159,"column":14}},{"start":{"line":159,"column":18},"end":{"line":159,"column":22}}],"line":159},"8":{"loc":{"start":{"line":170,"column":40},"end":{"line":170,"column":51}},"type":"binary-expr","locations":[{"start":{"line":170,"column":40},"end":{"line":170,"column":45}},{"start":{"line":170,"column":49},"end":{"line":170,"column":51}}],"line":170},"9":{"loc":{"start":{"line":170,"column":53},"end":{"line":170,"column":63}},"type":"binary-expr","locations":[{"start":{"line":170,"column":53},"end":{"line":170,"column":57}},{"start":{"line":170,"column":61},"end":{"line":170,"column":63}}],"line":170},"10":{"loc":{"start":{"line":197,"column":4},"end":{"line":201,"column":5}},"type":"if","locations":[{"start":{"line":197,"column":4},"end":{"line":201,"column":5}},{"start":{},"end":{}}],"line":197},"11":{"loc":{"start":{"line":214,"column":4},"end":{"line":218,"column":5}},"type":"if","locations":[{"start":{"line":214,"column":4},"end":{"line":218,"column":5}},{"start":{},"end":{}}],"line":214},"12":{"loc":{"start":{"line":239,"column":4},"end":{"line":243,"column":5}},"type":"if","locations":[{"start":{"line":239,"column":4},"end":{"line":243,"column":5}},{"start":{},"end":{}}],"line":239},"13":{"loc":{"start":{"line":239,"column":8},"end":{"line":239,"column":22}},"type":"binary-expr","locations":[{"start":{"line":239,"column":8},"end":{"line":239,"column":14}},{"start":{"line":239,"column":18},"end":{"line":239,"column":22}}],"line":239},"14":{"loc":{"start":{"line":251,"column":19},"end":{"line":251,"column":30}},"type":"binary-expr","locations":[{"start":{"line":251,"column":19},"end":{"line":251,"column":24}},{"start":{"line":251,"column":28},"end":{"line":251,"column":30}}],"line":251},"15":{"loc":{"start":{"line":251,"column":32},"end":{"line":251,"column":42}},"type":"binary-expr","locations":[{"start":{"line":251,"column":32},"end":{"line":251,"column":36}},{"start":{"line":251,"column":40},"end":{"line":251,"column":42}}],"line":251},"16":{"loc":{"start":{"line":254,"column":4},"end":{"line":258,"column":5}},"type":"if","locations":[{"start":{"line":254,"column":4},"end":{"line":258,"column":5}},{"start":{},"end":{}}],"line":254},"17":{"loc":{"start":{"line":292,"column":4},"end":{"line":296,"column":5}},"type":"if","locations":[{"start":{"line":292,"column":4},"end":{"line":296,"column":5}},{"start":{},"end":{}}],"line":292},"18":{"loc":{"start":{"line":315,"column":4},"end":{"line":319,"column":5}},"type":"if","locations":[{"start":{"line":315,"column":4},"end":{"line":319,"column":5}},{"start":{},"end":{}}],"line":315},"19":{"loc":{"start":{"line":315,"column":8},"end":{"line":315,"column":27}},"type":"binary-expr","locations":[{"start":{"line":315,"column":8},"end":{"line":315,"column":14}},{"start":{"line":315,"column":18},"end":{"line":315,"column":27}}],"line":315},"20":{"loc":{"start":{"line":327,"column":4},"end":{"line":331,"column":5}},"type":"if","locations":[{"start":{"line":327,"column":4},"end":{"line":331,"column":5}},{"start":{},"end":{}}],"line":327},"21":{"loc":{"start":{"line":346,"column":6},"end":{"line":351,"column":7}},"type":"if","locations":[{"start":{"line":346,"column":6},"end":{"line":351,"column":7}},{"start":{},"end":{}}],"line":346},"22":{"loc":{"start":{"line":372,"column":4},"end":{"line":376,"column":5}},"type":"if","locations":[{"start":{"line":372,"column":4},"end":{"line":376,"column":5}},{"start":{},"end":{}}],"line":372},"23":{"loc":{"start":{"line":372,"column":8},"end":{"line":372,"column":27}},"type":"binary-expr","locations":[{"start":{"line":372,"column":8},"end":{"line":372,"column":14}},{"start":{"line":372,"column":18},"end":{"line":372,"column":27}}],"line":372},"24":{"loc":{"start":{"line":383,"column":4},"end":{"line":387,"column":5}},"type":"if","locations":[{"start":{"line":383,"column":4},"end":{"line":387,"column":5}},{"start":{},"end":{}}],"line":383},"25":{"loc":{"start":{"line":392,"column":4},"end":{"line":396,"column":5}},"type":"if","locations":[{"start":{"line":392,"column":4},"end":{"line":396,"column":5}},{"start":{},"end":{}}],"line":392},"26":{"loc":{"start":{"line":404,"column":6},"end":{"line":409,"column":7}},"type":"if","locations":[{"start":{"line":404,"column":6},"end":{"line":409,"column":7}},{"start":{},"end":{}}],"line":404},"27":{"loc":{"start":{"line":428,"column":4},"end":{"line":433,"column":5}},"type":"if","locations":[{"start":{"line":428,"column":4},"end":{"line":433,"column":5}},{"start":{},"end":{}}],"line":428},"28":{"loc":{"start":{"line":444,"column":2},"end":{"line":448,"column":3}},"type":"if","locations":[{"start":{"line":444,"column":2},"end":{"line":448,"column":3}},{"start":{},"end":{}}],"line":444}},"s":{"0":4,"1":4,"2":4,"3":4,"4":4,"5":4,"6":4,"7":4,"8":4,"9":4,"10":4,"11":2,"12":1,"13":1,"14":4,"15":4,"16":0,"17":0,"18":0,"19":4,"20":4,"21":4,"22":4,"23":4,"24":0,"25":4,"26":4,"27":4,"28":0,"29":0,"30":0,"31":0,"32":4,"33":0,"34":0,"35":0,"36":0,"37":4,"38":4,"39":1,"40":4,"41":0,"42":4,"43":0,"44":0,"45":0,"46":0,"47":0,"48":4,"49":0,"50":0,"51":0,"52":0,"53":0,"54":4,"55":0,"56":0,"57":0,"58":0,"59":0,"60":0,"61":0,"62":0,"63":0,"64":4,"65":0,"66":0,"67":0,"68":0,"69":0,"70":0,"71":0,"72":0,"73":0,"74":0,"75":0,"76":4,"77":0,"78":0,"79":0,"80":0,"81":0,"82":0,"83":0,"84":0,"85":0,"86":0,"87":0,"88":0,"89":4,"90":0,"91":0,"92":0,"93":0,"94":0,"95":0,"96":0,"97":0,"98":4,"99":2,"100":2,"101":2,"102":2,"103":0,"104":0,"105":0,"106":0,"107":0,"108":0,"109":0,"110":0,"111":0,"112":0,"113":0,"114":0,"115":0,"116":4,"117":0,"118":0,"119":0,"120":0,"121":0,"122":0,"123":0,"124":0,"125":0,"126":0,"127":0,"128":0,"129":0,"130":0,"131":0,"132":0,"133":0,"134":0,"135":0,"136":4,"137":0,"138":0,"139":0,"140":0,"141":0,"142":0,"143":4,"144":1,"145":1,"146":0,"147":4},"f":{"0":2,"1":4,"2":0,"3":0,"4":0,"5":1,"6":0,"7":0,"8":0,"9":0,"10":0,"11":0,"12":0,"13":2,"14":0,"15":0,"16":0,"17":0,"18":0,"19":1},"b":{"0":[1,1],"1":[4,0],"2":[0,4],"3":[4,0],"4":[4,0],"5":[0,0],"6":[0,0],"7":[0,0],"8":[0,0],"9":[0,0],"10":[0,0],"11":[0,0],"12":[0,0],"13":[0,0],"14":[0,0],"15":[0,0],"16":[0,0],"17":[0,0],"18":[2,0],"19":[2,1],"20":[0,0],"21":[0,0],"22":[0,0],"23":[0,0],"24":[0,0],"25":[0,0],"26":[0,0],"27":[0,0],"28":[1,0]},"_coverageSchema":"1a1c01bbd47fc00a2c39e90264f33305004495a9","hash":"88a4037db2dd1233faf50ca96da0a0b721b54747"}
,"/home/greggory-h/Documents/ProgramZone/Web_Dev-Web_Apps/projects/linklibrarian/backend/db.js": {"path":"/home/greggory-h/Documents/ProgramZone/Web_Dev-Web_Apps/projects/linklibrarian/backend/db.js","statementMap":{"0":{"start":{"line":1,"column":14},"end":{"line":1,"column":39}},"1":{"start":{"line":2,"column":0},"end":{"line":2,"column":27}},"2":{"start":{"line":4,"column":13},"end":{"line":13,"column":2}},"3":{"start":{"line":15,"column":0},"end":{"line":15,"column":22}}},"fnMap":{},"branchMap":{},"s":{"0":4,"1":4,"2":4,"3":4},"f":{},"b":{},"_coverageSchema":"1a1c01bbd47fc00a2c39e90264f33305004495a9","hash":"e055774ca4ae2350488d3c118f8e18a6b8c49063"}
}
