TN:
SF:app.js
FN:18,requireLogin
FN:54,(anonymous_1)
FN:70,(anonymous_2)
FN:74,(anonymous_3)
FN:82,(anonymous_4)
FN:105,(anonymous_5)
FN:110,(anonymous_6)
FN:115,(anonymous_7)
FN:132,(anonymous_8)
FN:155,(anonymous_9)
FN:193,(anonymous_10)
FN:234,(anonymous_11)
FN:280,(anonymous_12)
FN:311,(anonymous_13)
FN:345,(anonymous_14)
FN:368,(anonymous_15)
FN:403,(anonymous_16)
FN:426,(anonymous_17)
FN:427,(anonymous_18)
FN:443,(anonymous_19)
FNF:20
FNH:5
FNDA:2,requireLogin
FNDA:4,(anonymous_1)
FNDA:0,(anonymous_2)
FNDA:0,(anonymous_3)
FNDA:0,(anonymous_4)
FNDA:1,(anonymous_5)
FNDA:0,(anonymous_6)
FNDA:0,(anonymous_7)
FNDA:0,(anonymous_8)
FNDA:0,(anonymous_9)
FNDA:0,(anonymous_10)
FNDA:0,(anonymous_11)
FNDA:0,(anonymous_12)
FNDA:2,(anonymous_13)
FNDA:0,(anonymous_14)
FNDA:0,(anonymous_15)
FNDA:0,(anonymous_16)
FNDA:0,(anonymous_17)
FNDA:0,(anonymous_18)
FNDA:1,(anonymous_19)
DA:3,4
DA:4,4
DA:5,4
DA:6,4
DA:7,4
DA:8,4
DA:9,4
DA:10,4
DA:11,4
DA:13,4
DA:15,4
DA:19,2
DA:20,1
DA:25,1
DA:28,4
DA:40,4
DA:41,0
DA:42,0
DA:43,0
DA:46,4
DA:48,4
DA:53,4
DA:55,4
DA:56,4
DA:58,0
DA:64,4
DA:65,4
DA:68,4
DA:71,0
DA:75,0
DA:76,0
DA:77,0
DA:82,4
DA:83,0
DA:85,0
DA:86,0
DA:88,0
DA:93,4
DA:105,4
DA:106,1
DA:110,4
DA:111,0
DA:115,4
DA:116,0
DA:117,0
DA:118,0
DA:123,0
DA:124,0
DA:132,4
DA:133,0
DA:134,0
DA:144,0
DA:146,0
DA:147,0
DA:155,4
DA:156,0
DA:157,0
DA:159,0
DA:160,0
DA:165,0
DA:173,0
DA:182,0
DA:184,0
DA:185,0
DA:193,4
DA:194,0
DA:195,0
DA:197,0
DA:198,0
DA:203,0
DA:205,0
DA:214,0
DA:215,0
DA:220,0
DA:225,0
DA:226,0
DA:234,4
DA:235,0
DA:236,0
DA:237,0
DA:239,0
DA:240,0
DA:245,0
DA:254,0
DA:255,0
DA:260,0
DA:269,0
DA:271,0
DA:272,0
DA:280,4
DA:281,0
DA:282,0
DA:284,0
DA:292,0
DA:293,0
DA:298,0
DA:302,0
DA:303,0
DA:311,4
DA:312,2
DA:313,2
DA:315,2
DA:316,2
DA:321,0
DA:327,0
DA:328,0
DA:333,0
DA:335,0
DA:340,0
DA:345,0
DA:346,0
DA:347,0
DA:348,0
DA:353,0
DA:359,0
DA:360,0
DA:368,4
DA:369,0
DA:370,0
DA:372,0
DA:373,0
DA:378,0
DA:383,0
DA:384,0
DA:389,0
DA:390,0
DA:392,0
DA:393,0
DA:398,0
DA:403,0
DA:404,0
DA:405,0
DA:406,0
DA:411,0
DA:417,0
DA:418,0
DA:426,4
DA:427,0
DA:428,0
DA:429,0
DA:430,0
DA:435,0
DA:436,0
DA:443,4
DA:444,1
DA:445,1
DA:450,0
DA:456,4
LF:148
LH:46
BRDA:19,0,0,1
BRDA:19,0,1,1
BRDA:30,1,0,4
BRDA:30,1,1,0
BRDA:40,2,0,0
BRDA:40,2,1,4
BRDA:55,3,0,4
BRDA:55,3,1,0
BRDA:55,4,0,4
BRDA:55,4,1,0
BRDA:85,5,0,0
BRDA:85,5,1,0
BRDA:159,6,0,0
BRDA:159,6,1,0
BRDA:159,7,0,0
BRDA:159,7,1,0
BRDA:170,8,0,0
BRDA:170,8,1,0
BRDA:170,9,0,0
BRDA:170,9,1,0
BRDA:197,10,0,0
BRDA:197,10,1,0
BRDA:214,11,0,0
BRDA:214,11,1,0
BRDA:239,12,0,0
BRDA:239,12,1,0
BRDA:239,13,0,0
BRDA:239,13,1,0
BRDA:251,14,0,0
BRDA:251,14,1,0
BRDA:251,15,0,0
BRDA:251,15,1,0
BRDA:254,16,0,0
BRDA:254,16,1,0
BRDA:292,17,0,0
BRDA:292,17,1,0
BRDA:315,18,0,2
BRDA:315,18,1,0
BRDA:315,19,0,2
BRDA:315,19,1,1
BRDA:327,20,0,0
BRDA:327,20,1,0
BRDA:346,21,0,0
BRDA:346,21,1,0
BRDA:372,22,0,0
BRDA:372,22,1,0
BRDA:372,23,0,0
BRDA:372,23,1,0
BRDA:383,24,0,0
BRDA:383,24,1,0
BRDA:392,25,0,0
BRDA:392,25,1,0
BRDA:404,26,0,0
BRDA:404,26,1,0
BRDA:428,27,0,0
BRDA:428,27,1,0
BRDA:444,28,0,1
BRDA:444,28,1,0
BRF:58
BRH:10
end_of_record
TN:
SF:db.js
FNF:0
FNH:0
DA:1,4
DA:2,4
DA:4,4
DA:15,4
LF:4
LH:4
BRF:0
BRH:0
end_of_record
